2025-10-27T13:33:57.523-03:00  INFO 9068 --- [estoque] [restartedMain] b.c.l.estoque.EstoqueApplication         : Starting EstoqueApplication using Java 24.0.2 with PID 9068 (C:\Users\Usuario\IdeaProjects\estoque\build\classes\java\main started by Usuario in C:\Users\Usuario\IdeaProjects\estoque)
2025-10-27T13:33:57.532-03:00 DEBUG 9068 --- [estoque] [restartedMain] b.c.l.estoque.EstoqueApplication         : Running with Spring Boot v3.5.6, Spring v6.2.11
2025-10-27T13:33:57.533-03:00  INFO 9068 --- [estoque] [restartedMain] b.c.l.estoque.EstoqueApplication         : No active profile set, falling back to 1 default profile: "default"
2025-10-27T13:33:57.622-03:00  INFO 9068 --- [estoque] [restartedMain] .e.DevToolsPropertyDefaultsPostProcessor : Devtools property defaults active! Set 'spring.devtools.add-properties' to 'false' to disable
2025-10-27T13:33:57.623-03:00  INFO 9068 --- [estoque] [restartedMain] .e.DevToolsPropertyDefaultsPostProcessor : For additional web related logging consider setting the 'logging.level.web' property to 'DEBUG'
2025-10-27T13:33:58.970-03:00  INFO 9068 --- [estoque] [restartedMain] .s.d.r.c.RepositoryConfigurationDelegate : Bootstrapping Spring Data MongoDB repositories in DEFAULT mode.
2025-10-27T13:33:59.108-03:00  INFO 9068 --- [estoque] [restartedMain] .s.d.r.c.RepositoryConfigurationDelegate : Finished Spring Data repository scanning in 126 ms. Found 3 MongoDB repository interfaces.
2025-10-27T13:34:00.578-03:00  INFO 9068 --- [estoque] [restartedMain] o.s.b.w.embedded.tomcat.TomcatWebServer  : Tomcat initialized with port 8081 (http)
2025-10-27T13:34:00.610-03:00  INFO 9068 --- [estoque] [restartedMain] o.apache.catalina.core.StandardService   : Starting service [Tomcat]
2025-10-27T13:34:00.610-03:00  INFO 9068 --- [estoque] [restartedMain] o.apache.catalina.core.StandardEngine    : Starting Servlet engine: [Apache Tomcat/10.1.46]
2025-10-27T13:34:00.705-03:00  INFO 9068 --- [estoque] [restartedMain] o.a.c.c.C.[Tomcat].[localhost].[/]       : Initializing Spring embedded WebApplicationContext
2025-10-27T13:34:00.705-03:00  INFO 9068 --- [estoque] [restartedMain] w.s.c.ServletWebServerApplicationContext : Root WebApplicationContext: initialization completed in 3081 ms
2025-10-27T13:34:01.182-03:00  INFO 9068 --- [estoque] [cluster-ClusterId{value='68ff9ef954eeee4f682d820e', description='null'}-srv-cluster0.iecfxel.mongodb.net] org.mongodb.driver.cluster               : Adding discovered server ac-ac1qpmh-shard-00-01.iecfxel.mongodb.net:27017 to client view of cluster
2025-10-27T13:34:01.259-03:00  INFO 9068 --- [estoque] [restartedMain] org.mongodb.driver.client                : MongoClient with metadata {"driver": {"name": "mongo-java-driver|sync|spring-boot", "version": "5.5.1"}, "os": {"type": "Windows", "name": "Windows 10", "architecture": "amd64", "version": "10.0"}, "platform": "Java/Oracle Corporation/24.0.2+12-54"} created with settings MongoClientSettings{readPreference=primary, writeConcern=WriteConcern{w=majority, wTimeout=null ms, journal=null}, retryWrites=true, retryReads=true, readConcern=ReadConcern{level=null}, credential=MongoCredential{mechanism=null, userName='4ndrewsec5_db_user', source='admin', password=<hidden>, mechanismProperties=<hidden>}, transportSettings=null, commandListeners=[], codecRegistry=ProvidersCodecRegistry{codecProviders=[ValueCodecProvider{}, BsonValueCodecProvider{}, DBRefCodecProvider{}, DBObjectCodecProvider{}, DocumentCodecProvider{}, CollectionCodecProvider{}, IterableCodecProvider{}, MapCodecProvider{}, GeoJsonCodecProvider{}, GridFSFileCodecProvider{}, Jsr310CodecProvider{}, JsonObjectCodecProvider{}, BsonCodecProvider{}, EnumCodecProvider{}, com.mongodb.client.model.mql.ExpressionCodecProvider@5744fe9e, com.mongodb.Jep395RecordCodecProvider@6dbf537c, com.mongodb.KotlinCodecProvider@3e9e0569]}, loggerSettings=LoggerSettings{maxDocumentLength=1000}, clusterSettings={hosts=[127.0.0.1:27017], srvHost=cluster0.iecfxel.mongodb.net, srvServiceName=mongodb, mode=MULTIPLE, requiredClusterType=REPLICA_SET, requiredReplicaSetName='atlas-sjfaze-shard-0', serverSelector='null', clusterListeners='[]', serverSelectionTimeout='30000 ms', localThreshold='15 ms'}, socketSettings=SocketSettings{connectTimeoutMS=10000, readTimeoutMS=0, receiveBufferSize=0, proxySettings=ProxySettings{host=null, port=null, username=null, password=null}}, heartbeatSocketSettings=SocketSettings{connectTimeoutMS=10000, readTimeoutMS=10000, receiveBufferSize=0, proxySettings=ProxySettings{host=null, port=null, username=null, password=null}}, connectionPoolSettings=ConnectionPoolSettings{maxSize=100, minSize=0, maxWaitTimeMS=120000, maxConnectionLifeTimeMS=0, maxConnectionIdleTimeMS=0, maintenanceInitialDelayMS=0, maintenanceFrequencyMS=60000, connectionPoolListeners=[], maxConnecting=2}, serverSettings=ServerSettings{heartbeatFrequencyMS=10000, minHeartbeatFrequencyMS=500, serverMonitoringMode=AUTO, serverListeners='[]', serverMonitorListeners='[]'}, sslSettings=SslSettings{enabled=true, invalidHostNameAllowed=false, context=null}, applicationName='null', compressorList=[], uuidRepresentation=JAVA_LEGACY, serverApi=null, autoEncryptionSettings=null, dnsClient=null, inetAddressResolver=null, contextProvider=null, timeoutMS=null}
2025-10-27T13:34:01.271-03:00  INFO 9068 --- [estoque] [cluster-ClusterId{value='68ff9ef954eeee4f682d820e', description='null'}-srv-cluster0.iecfxel.mongodb.net] org.mongodb.driver.cluster               : Adding discovered server ac-ac1qpmh-shard-00-02.iecfxel.mongodb.net:27017 to client view of cluster
2025-10-27T13:34:01.275-03:00  INFO 9068 --- [estoque] [cluster-ClusterId{value='68ff9ef954eeee4f682d820e', description='null'}-srv-cluster0.iecfxel.mongodb.net] org.mongodb.driver.cluster               : Adding discovered server ac-ac1qpmh-shard-00-00.iecfxel.mongodb.net:27017 to client view of cluster
2025-10-27T13:34:01.662-03:00  WARN 9068 --- [estoque] [restartedMain] o.s.b.d.a.OptionalLiveReloadServer       : Unable to start LiveReload server
2025-10-27T13:34:01.938-03:00  INFO 9068 --- [estoque] [cluster-ClusterId{value='68ff9ef954eeee4f682d820e', description='null'}-ac-ac1qpmh-shard-00-02.iecfxel.mongodb.net:27017] org.mongodb.driver.cluster               : Monitor thread successfully connected to server with description ServerDescription{address=ac-ac1qpmh-shard-00-02.iecfxel.mongodb.net:27017, type=REPLICA_SET_PRIMARY, cryptd=false, state=CONNECTED, ok=true, minWireVersion=0, maxWireVersion=25, maxDocumentSize=16777216, logicalSessionTimeoutMinutes=30, roundTripTimeNanos=386379700, minRoundTripTimeNanos=0, setName='atlas-sjfaze-shard-0', canonicalAddress=ac-ac1qpmh-shard-00-02.iecfxel.mongodb.net:27017, hosts=[ac-ac1qpmh-shard-00-00.iecfxel.mongodb.net:27017, ac-ac1qpmh-shard-00-01.iecfxel.mongodb.net:27017, ac-ac1qpmh-shard-00-02.iecfxel.mongodb.net:27017], passives=[], arbiters=[], primary='ac-ac1qpmh-shard-00-02.iecfxel.mongodb.net:27017', tagSet=TagSet{[Tag{name='availabilityZone', value='sae1-az2'}, Tag{name='diskState', value='READY'}, Tag{name='nodeType', value='ELECTABLE'}, Tag{name='provider', value='AWS'}, Tag{name='region', value='SA_EAST_1'}, Tag{name='workloadType', value='OPERATIONAL'}]}, electionId=7fffffff0000000000000079, setVersion=103, topologyVersion=TopologyVersion{processId=68f8f8df0df173eb0dd3b7e6, counter=6}, lastWriteDate=Mon Oct 27 13:34:00 GMT-03:00 2025, lastUpdateTimeNanos=67926603624800}
2025-10-27T13:34:01.938-03:00  INFO 9068 --- [estoque] [cluster-ClusterId{value='68ff9ef954eeee4f682d820e', description='null'}-ac-ac1qpmh-shard-00-01.iecfxel.mongodb.net:27017] org.mongodb.driver.cluster               : Monitor thread successfully connected to server with description ServerDescription{address=ac-ac1qpmh-shard-00-01.iecfxel.mongodb.net:27017, type=REPLICA_SET_SECONDARY, cryptd=false, state=CONNECTED, ok=true, minWireVersion=0, maxWireVersion=25, maxDocumentSize=16777216, logicalSessionTimeoutMinutes=30, roundTripTimeNanos=386458100, minRoundTripTimeNanos=0, setName='atlas-sjfaze-shard-0', canonicalAddress=ac-ac1qpmh-shard-00-01.iecfxel.mongodb.net:27017, hosts=[ac-ac1qpmh-shard-00-00.iecfxel.mongodb.net:27017, ac-ac1qpmh-shard-00-01.iecfxel.mongodb.net:27017, ac-ac1qpmh-shard-00-02.iecfxel.mongodb.net:27017], passives=[], arbiters=[], primary='ac-ac1qpmh-shard-00-02.iecfxel.mongodb.net:27017', tagSet=TagSet{[Tag{name='availabilityZone', value='sae1-az3'}, Tag{name='diskState', value='READY'}, Tag{name='nodeType', value='ELECTABLE'}, Tag{name='provider', value='AWS'}, Tag{name='region', value='SA_EAST_1'}, Tag{name='workloadType', value='OPERATIONAL'}]}, electionId=null, setVersion=103, topologyVersion=TopologyVersion{processId=68f8fb9c2abc2303363f9f53, counter=3}, lastWriteDate=Mon Oct 27 13:34:00 GMT-03:00 2025, lastUpdateTimeNanos=67926603624800}
2025-10-27T13:34:01.938-03:00  INFO 9068 --- [estoque] [cluster-ClusterId{value='68ff9ef954eeee4f682d820e', description='null'}-ac-ac1qpmh-shard-00-00.iecfxel.mongodb.net:27017] org.mongodb.driver.cluster               : Monitor thread successfully connected to server with description ServerDescription{address=ac-ac1qpmh-shard-00-00.iecfxel.mongodb.net:27017, type=REPLICA_SET_SECONDARY, cryptd=false, state=CONNECTED, ok=true, minWireVersion=0, maxWireVersion=25, maxDocumentSize=16777216, logicalSessionTimeoutMinutes=30, roundTripTimeNanos=386905800, minRoundTripTimeNanos=0, setName='atlas-sjfaze-shard-0', canonicalAddress=ac-ac1qpmh-shard-00-00.iecfxel.mongodb.net:27017, hosts=[ac-ac1qpmh-shard-00-00.iecfxel.mongodb.net:27017, ac-ac1qpmh-shard-00-01.iecfxel.mongodb.net:27017, ac-ac1qpmh-shard-00-02.iecfxel.mongodb.net:27017], passives=[], arbiters=[], primary='ac-ac1qpmh-shard-00-02.iecfxel.mongodb.net:27017', tagSet=TagSet{[Tag{name='availabilityZone', value='sae1-az1'}, Tag{name='diskState', value='READY'}, Tag{name='nodeType', value='ELECTABLE'}, Tag{name='provider', value='AWS'}, Tag{name='region', value='SA_EAST_1'}, Tag{name='workloadType', value='OPERATIONAL'}]}, electionId=null, setVersion=103, topologyVersion=TopologyVersion{processId=68f8f55deee1411c6add82f8, counter=4}, lastWriteDate=Mon Oct 27 13:34:00 GMT-03:00 2025, lastUpdateTimeNanos=67926603624700}
2025-10-27T13:34:01.951-03:00  INFO 9068 --- [estoque] [cluster-ClusterId{value='68ff9ef954eeee4f682d820e', description='null'}-ac-ac1qpmh-shard-00-02.iecfxel.mongodb.net:27017] org.mongodb.driver.cluster               : Discovered replica set primary ac-ac1qpmh-shard-00-02.iecfxel.mongodb.net:27017 with max election id 7fffffff0000000000000079 and max set version 103
2025-10-27T13:34:02.867-03:00  WARN 9068 --- [estoque] [restartedMain] .s.s.UserDetailsServiceAutoConfiguration : 

Using generated security password: afb48d59-6acb-4bf0-8153-16a3e49f62c2

This generated password is for development use only. Your security configuration must be updated before running your application in production.

2025-10-27T13:34:02.890-03:00  INFO 9068 --- [estoque] [restartedMain] r$InitializeUserDetailsManagerConfigurer : Global AuthenticationManager configured with UserDetailsService bean with name inMemoryUserDetailsManager
2025-10-27T13:34:04.137-03:00  INFO 9068 --- [estoque] [restartedMain] o.a.k.clients.admin.AdminClientConfig    : AdminClientConfig values: 
	auto.include.jmx.reporter = true
	bootstrap.controllers = []
	bootstrap.servers = [localhost:9092]
	client.dns.lookup = use_all_dns_ips
	client.id = estoque-admin-0
	connections.max.idle.ms = 300000
	default.api.timeout.ms = 60000
	enable.metrics.push = true
	metadata.max.age.ms = 300000
	metadata.recovery.strategy = none
	metric.reporters = []
	metrics.num.samples = 2
	metrics.recording.level = INFO
	metrics.sample.window.ms = 30000
	receive.buffer.bytes = 65536
	reconnect.backoff.max.ms = 1000
	reconnect.backoff.ms = 50
	request.timeout.ms = 30000
	retries = 2147483647
	retry.backoff.max.ms = 1000
	retry.backoff.ms = 100
	sasl.client.callback.handler.class = null
	sasl.jaas.config = null
	sasl.kerberos.kinit.cmd = /usr/bin/kinit
	sasl.kerberos.min.time.before.relogin = 60000
	sasl.kerberos.service.name = null
	sasl.kerberos.ticket.renew.jitter = 0.05
	sasl.kerberos.ticket.renew.window.factor = 0.8
	sasl.login.callback.handler.class = null
	sasl.login.class = null
	sasl.login.connect.timeout.ms = null
	sasl.login.read.timeout.ms = null
	sasl.login.refresh.buffer.seconds = 300
	sasl.login.refresh.min.period.seconds = 60
	sasl.login.refresh.window.factor = 0.8
	sasl.login.refresh.window.jitter = 0.05
	sasl.login.retry.backoff.max.ms = 10000
	sasl.login.retry.backoff.ms = 100
	sasl.mechanism = GSSAPI
	sasl.oauthbearer.clock.skew.seconds = 30
	sasl.oauthbearer.expected.audience = null
	sasl.oauthbearer.expected.issuer = null
	sasl.oauthbearer.header.urlencode = false
	sasl.oauthbearer.jwks.endpoint.refresh.ms = 3600000
	sasl.oauthbearer.jwks.endpoint.retry.backoff.max.ms = 10000
	sasl.oauthbearer.jwks.endpoint.retry.backoff.ms = 100
	sasl.oauthbearer.jwks.endpoint.url = null
	sasl.oauthbearer.scope.claim.name = scope
	sasl.oauthbearer.sub.claim.name = sub
	sasl.oauthbearer.token.endpoint.url = null
	security.protocol = PLAINTEXT
	security.providers = null
	send.buffer.bytes = 131072
	socket.connection.setup.timeout.max.ms = 30000
	socket.connection.setup.timeout.ms = 10000
	ssl.cipher.suites = null
	ssl.enabled.protocols = [TLSv1.2, TLSv1.3]
	ssl.endpoint.identification.algorithm = https
	ssl.engine.factory.class = null
	ssl.key.password = null
	ssl.keymanager.algorithm = SunX509
	ssl.keystore.certificate.chain = null
	ssl.keystore.key = null
	ssl.keystore.location = null
	ssl.keystore.password = null
	ssl.keystore.type = JKS
	ssl.protocol = TLSv1.3
	ssl.provider = null
	ssl.secure.random.implementation = null
	ssl.trustmanager.algorithm = PKIX
	ssl.truststore.certificates = null
	ssl.truststore.location = null
	ssl.truststore.password = null
	ssl.truststore.type = JKS

2025-10-27T13:34:04.367-03:00  INFO 9068 --- [estoque] [restartedMain] o.a.kafka.common.utils.AppInfoParser     : Kafka version: 3.9.1
2025-10-27T13:34:04.369-03:00  INFO 9068 --- [estoque] [restartedMain] o.a.kafka.common.utils.AppInfoParser     : Kafka commitId: f745dfdcee2b9851
2025-10-27T13:34:04.369-03:00  INFO 9068 --- [estoque] [restartedMain] o.a.kafka.common.utils.AppInfoParser     : Kafka startTimeMs: 1761582844366
2025-10-27T13:34:04.896-03:00  INFO 9068 --- [estoque] [kafka-admin-client-thread | estoque-admin-0] o.a.kafka.common.utils.AppInfoParser     : App info kafka.admin.client for estoque-admin-0 unregistered
2025-10-27T13:34:04.902-03:00  INFO 9068 --- [estoque] [kafka-admin-client-thread | estoque-admin-0] o.apache.kafka.common.metrics.Metrics    : Metrics scheduler closed
2025-10-27T13:34:04.902-03:00  INFO 9068 --- [estoque] [kafka-admin-client-thread | estoque-admin-0] o.apache.kafka.common.metrics.Metrics    : Closing reporter org.apache.kafka.common.metrics.JmxReporter
2025-10-27T13:34:04.902-03:00  INFO 9068 --- [estoque] [kafka-admin-client-thread | estoque-admin-0] o.apache.kafka.common.metrics.Metrics    : Metrics reporters closed
2025-10-27T13:34:04.928-03:00  INFO 9068 --- [estoque] [restartedMain] o.s.b.w.embedded.tomcat.TomcatWebServer  : Tomcat started on port 8081 (http) with context path '/'
2025-10-27T13:34:04.947-03:00  INFO 9068 --- [estoque] [restartedMain] b.c.l.estoque.EstoqueApplication         : Started EstoqueApplication in 8.213 seconds (process running for 8.966)
2025-10-27T13:34:28.313-03:00  INFO 9068 --- [estoque] [http-nio-8081-exec-2] o.a.c.c.C.[Tomcat].[localhost].[/]       : Initializing Spring DispatcherServlet 'dispatcherServlet'
2025-10-27T13:34:28.313-03:00  INFO 9068 --- [estoque] [http-nio-8081-exec-2] o.s.web.servlet.DispatcherServlet        : Initializing Servlet 'dispatcherServlet'
2025-10-27T13:34:28.315-03:00  INFO 9068 --- [estoque] [http-nio-8081-exec-2] o.s.web.servlet.DispatcherServlet        : Completed initialization in 2 ms
2025-10-27T13:34:28.823-03:00  INFO 9068 --- [estoque] [http-nio-8081-exec-2] b.c.l.estoque.config.aspectos.LogAspect  : ✅ Entrada de produto registrada com sucesso | Tempo de execução: 243 ms | Origem: SERVICO_ESTOQUE
2025-10-27T13:34:28.849-03:00  INFO 9068 --- [estoque] [http-nio-8081-exec-2] o.a.k.clients.producer.ProducerConfig    : ProducerConfig values: 
	acks = -1
	auto.include.jmx.reporter = true
	batch.size = 16384
	bootstrap.servers = [localhost:9092]
	buffer.memory = 33554432
	client.dns.lookup = use_all_dns_ips
	client.id = estoque-producer-1
	compression.gzip.level = -1
	compression.lz4.level = 9
	compression.type = none
	compression.zstd.level = 3
	connections.max.idle.ms = 540000
	delivery.timeout.ms = 120000
	enable.idempotence = true
	enable.metrics.push = true
	interceptor.classes = []
	key.serializer = class org.apache.kafka.common.serialization.StringSerializer
	linger.ms = 0
	max.block.ms = 60000
	max.in.flight.requests.per.connection = 5
	max.request.size = 1048576
	metadata.max.age.ms = 300000
	metadata.max.idle.ms = 300000
	metadata.recovery.strategy = none
	metric.reporters = []
	metrics.num.samples = 2
	metrics.recording.level = INFO
	metrics.sample.window.ms = 30000
	partitioner.adaptive.partitioning.enable = true
	partitioner.availability.timeout.ms = 0
	partitioner.class = null
	partitioner.ignore.keys = false
	receive.buffer.bytes = 32768
	reconnect.backoff.max.ms = 1000
	reconnect.backoff.ms = 50
	request.timeout.ms = 30000
	retries = 2147483647
	retry.backoff.max.ms = 1000
	retry.backoff.ms = 100
	sasl.client.callback.handler.class = null
	sasl.jaas.config = null
	sasl.kerberos.kinit.cmd = /usr/bin/kinit
	sasl.kerberos.min.time.before.relogin = 60000
	sasl.kerberos.service.name = null
	sasl.kerberos.ticket.renew.jitter = 0.05
	sasl.kerberos.ticket.renew.window.factor = 0.8
	sasl.login.callback.handler.class = null
	sasl.login.class = null
	sasl.login.connect.timeout.ms = null
	sasl.login.read.timeout.ms = null
	sasl.login.refresh.buffer.seconds = 300
	sasl.login.refresh.min.period.seconds = 60
	sasl.login.refresh.window.factor = 0.8
	sasl.login.refresh.window.jitter = 0.05
	sasl.login.retry.backoff.max.ms = 10000
	sasl.login.retry.backoff.ms = 100
	sasl.mechanism = GSSAPI
	sasl.oauthbearer.clock.skew.seconds = 30
	sasl.oauthbearer.expected.audience = null
	sasl.oauthbearer.expected.issuer = null
	sasl.oauthbearer.header.urlencode = false
	sasl.oauthbearer.jwks.endpoint.refresh.ms = 3600000
	sasl.oauthbearer.jwks.endpoint.retry.backoff.max.ms = 10000
	sasl.oauthbearer.jwks.endpoint.retry.backoff.ms = 100
	sasl.oauthbearer.jwks.endpoint.url = null
	sasl.oauthbearer.scope.claim.name = scope
	sasl.oauthbearer.sub.claim.name = sub
	sasl.oauthbearer.token.endpoint.url = null
	security.protocol = PLAINTEXT
	security.providers = null
	send.buffer.bytes = 131072
	socket.connection.setup.timeout.max.ms = 30000
	socket.connection.setup.timeout.ms = 10000
	ssl.cipher.suites = null
	ssl.enabled.protocols = [TLSv1.2, TLSv1.3]
	ssl.endpoint.identification.algorithm = https
	ssl.engine.factory.class = null
	ssl.key.password = null
	ssl.keymanager.algorithm = SunX509
	ssl.keystore.certificate.chain = null
	ssl.keystore.key = null
	ssl.keystore.location = null
	ssl.keystore.password = null
	ssl.keystore.type = JKS
	ssl.protocol = TLSv1.3
	ssl.provider = null
	ssl.secure.random.implementation = null
	ssl.trustmanager.algorithm = PKIX
	ssl.truststore.certificates = null
	ssl.truststore.location = null
	ssl.truststore.password = null
	ssl.truststore.type = JKS
	transaction.timeout.ms = 60000
	transactional.id = null
	value.serializer = class org.springframework.kafka.support.serializer.JsonSerializer

2025-10-27T13:34:28.903-03:00  INFO 9068 --- [estoque] [http-nio-8081-exec-2] o.a.k.c.t.i.KafkaMetricsCollector        : initializing Kafka metrics collector
2025-10-27T13:34:28.938-03:00  INFO 9068 --- [estoque] [http-nio-8081-exec-2] o.a.k.clients.producer.KafkaProducer     : [Producer clientId=estoque-producer-1] Instantiated an idempotent producer.
2025-10-27T13:34:28.975-03:00  INFO 9068 --- [estoque] [http-nio-8081-exec-2] o.a.kafka.common.utils.AppInfoParser     : Kafka version: 3.9.1
2025-10-27T13:34:28.975-03:00  INFO 9068 --- [estoque] [http-nio-8081-exec-2] o.a.kafka.common.utils.AppInfoParser     : Kafka commitId: f745dfdcee2b9851
2025-10-27T13:34:28.976-03:00  INFO 9068 --- [estoque] [http-nio-8081-exec-2] o.a.kafka.common.utils.AppInfoParser     : Kafka startTimeMs: 1761582868975
2025-10-27T13:34:28.996-03:00  INFO 9068 --- [estoque] [kafka-producer-network-thread | estoque-producer-1] org.apache.kafka.clients.Metadata        : [Producer clientId=estoque-producer-1] Cluster ID: _Jv8Av5nTKaekybqMSQh1A
2025-10-27T13:34:29.104-03:00  INFO 9068 --- [estoque] [kafka-producer-network-thread | estoque-producer-1] o.a.k.c.p.internals.TransactionManager   : [Producer clientId=estoque-producer-1] ProducerId set to 5000 with epoch 0
2025-10-27T13:34:31.808-03:00  INFO 9068 --- [estoque] [http-nio-8081-exec-3] b.c.l.estoque.config.aspectos.LogAspect  : ✅ Entrada de produto registrada com sucesso | Tempo de execução: 53 ms | Origem: SERVICO_ESTOQUE
2025-10-27T13:34:38.852-03:00  INFO 9068 --- [estoque] [http-nio-8081-exec-4] b.c.l.estoque.config.aspectos.LogAspect  : ✅ Entrada de produto registrada com sucesso | Tempo de execução: 48 ms | Origem: SERVICO_ESTOQUE
2025-10-27T13:34:41.274-03:00  INFO 9068 --- [estoque] [http-nio-8081-exec-5] b.c.l.estoque.config.aspectos.LogAspect  : ✅ Entrada de produto registrada com sucesso | Tempo de execução: 61 ms | Origem: SERVICO_ESTOQUE
2025-10-27T13:34:42.350-03:00  INFO 9068 --- [estoque] [http-nio-8081-exec-6] b.c.l.estoque.config.aspectos.LogAspect  : ✅ Entrada de produto registrada com sucesso | Tempo de execução: 46 ms | Origem: SERVICO_ESTOQUE
2025-10-27T13:34:46.063-03:00  INFO 9068 --- [estoque] [http-nio-8081-exec-7] b.c.l.estoque.config.aspectos.LogAspect  : ✅ Entrada de produto registrada com sucesso | Tempo de execução: 45 ms | Origem: SERVICO_ESTOQUE
2025-10-27T13:35:21.556-03:00  INFO 9068 --- [estoque] [http-nio-8081-exec-8] b.c.l.estoque.config.aspectos.LogAspect  : ✅ Produto cadastrado com sucesso | Tempo de execução: 34 ms | Origem: SERVICO_ESTOQUE
2025-10-27T13:35:25.263-03:00  INFO 9068 --- [estoque] [http-nio-8081-exec-9] b.c.l.estoque.config.aspectos.LogAspect  : ✅ Entrada de produto registrada com sucesso | Tempo de execução: 38 ms | Origem: SERVICO_ESTOQUE
2025-10-27T13:36:13.561-03:00  INFO 9068 --- [estoque] [http-nio-8081-exec-10] b.c.l.estoque.config.aspectos.LogAspect  : ✅ Produto cadastrado com sucesso | Tempo de execução: 26 ms | Origem: SERVICO_ESTOQUE
2025-10-27T13:36:16.539-03:00  INFO 9068 --- [estoque] [http-nio-8081-exec-1] b.c.l.estoque.config.aspectos.LogAspect  : ✅ Entrada de produto registrada com sucesso | Tempo de execução: 37 ms | Origem: SERVICO_ESTOQUE
2025-10-27T13:40:31.883-03:00  INFO 9068 --- [estoque] [http-nio-8081-exec-4] b.c.l.estoque.config.aspectos.LogAspect  : ✅ Entrada de produto registrada com sucesso | Tempo de execução: 49 ms | Origem: SERVICO_ESTOQUE
2025-10-27T13:40:48.115-03:00  INFO 9068 --- [estoque] [http-nio-8081-exec-5] b.c.l.estoque.config.aspectos.LogAspect  : ✅ Saida de produto registrada com sucesso | Tempo de execução: 48 ms | Origem: SERVICO_ESTOQUE
2025-10-27T13:40:56.081-03:00  INFO 9068 --- [estoque] [http-nio-8081-exec-6] b.c.l.estoque.config.aspectos.LogAspect  : ✅ Saida de produto registrada com sucesso | Tempo de execução: 45 ms | Origem: SERVICO_ESTOQUE
2025-10-27T13:40:58.509-03:00  INFO 9068 --- [estoque] [http-nio-8081-exec-7] b.c.l.estoque.config.aspectos.LogAspect  : ✅ Saida de produto registrada com sucesso | Tempo de execução: 43 ms | Origem: SERVICO_ESTOQUE
2025-10-27T13:41:01.939-03:00  INFO 9068 --- [estoque] [http-nio-8081-exec-8] b.c.l.estoque.config.aspectos.LogAspect  : ✅ Saida de produto registrada com sucesso | Tempo de execução: 43 ms | Origem: SERVICO_ESTOQUE
2025-10-27T13:41:28.437-03:00  INFO 9068 --- [estoque] [http-nio-8081-exec-9] b.c.l.estoque.config.aspectos.LogAspect  : ✅ Produto cadastrado com sucesso | Tempo de execução: 23 ms | Origem: SERVICO_ESTOQUE
2025-10-27T13:41:58.130-03:00  INFO 9068 --- [estoque] [http-nio-8081-exec-10] b.c.l.estoque.config.aspectos.LogAspect  : ✅ Entrada de produto registrada com sucesso | Tempo de execução: 37 ms | Origem: SERVICO_ESTOQUE
2025-10-27T13:42:27.604-03:00 ERROR 9068 --- [estoque] [http-nio-8081-exec-1] b.c.l.estoque.config.aspectos.LogAspect  : ❌ Erro ao executar método: ProdutoService.registrarSaida(..) | Tempo até falha: 21 ms | Erro: Quantidade em estoque insuficiente

java.lang.IllegalArgumentException: Quantidade em estoque insuficiente
	at br.com.logistica_alimentos.estoque.model.Produto.subtractQuantidade(Produto.java:47) ~[main/:na]
	at br.com.logistica_alimentos.estoque.service.ProdutoService.atualizarQuantidade(ProdutoService.java:207) ~[main/:na]
	at br.com.logistica_alimentos.estoque.service.ProdutoService.registrarSaida(ProdutoService.java:92) ~[main/:na]
	at java.base/jdk.internal.reflect.DirectMethodHandleAccessor.invoke(DirectMethodHandleAccessor.java:104) ~[na:na]
	at java.base/java.lang.reflect.Method.invoke(Method.java:565) ~[na:na]
	at org.springframework.aop.support.AopUtils.invokeJoinpointUsingReflection(AopUtils.java:360) ~[spring-aop-6.2.11.jar:6.2.11]
	at org.springframework.aop.framework.ReflectiveMethodInvocation.invokeJoinpoint(ReflectiveMethodInvocation.java:196) ~[spring-aop-6.2.11.jar:6.2.11]
	at org.springframework.aop.framework.ReflectiveMethodInvocation.proceed(ReflectiveMethodInvocation.java:163) ~[spring-aop-6.2.11.jar:6.2.11]
	at org.springframework.aop.aspectj.MethodInvocationProceedingJoinPoint.proceed(MethodInvocationProceedingJoinPoint.java:89) ~[spring-aop-6.2.11.jar:6.2.11]
	at br.com.logistica_alimentos.estoque.config.aspectos.LogAspect.logExecucaoComTempo(LogAspect.java:28) ~[main/:na]
	at java.base/jdk.internal.reflect.DirectMethodHandleAccessor.invoke(DirectMethodHandleAccessor.java:104) ~[na:na]
	at java.base/java.lang.reflect.Method.invoke(Method.java:565) ~[na:na]
	at org.springframework.aop.aspectj.AbstractAspectJAdvice.invokeAdviceMethodWithGivenArgs(AbstractAspectJAdvice.java:649) ~[spring-aop-6.2.11.jar:6.2.11]
	at org.springframework.aop.aspectj.AbstractAspectJAdvice.invokeAdviceMethod(AbstractAspectJAdvice.java:631) ~[spring-aop-6.2.11.jar:6.2.11]
	at org.springframework.aop.aspectj.AspectJAroundAdvice.invoke(AspectJAroundAdvice.java:71) ~[spring-aop-6.2.11.jar:6.2.11]
	at org.springframework.aop.framework.ReflectiveMethodInvocation.proceed(ReflectiveMethodInvocation.java:173) ~[spring-aop-6.2.11.jar:6.2.11]
	at org.springframework.aop.interceptor.ExposeInvocationInterceptor.invoke(ExposeInvocationInterceptor.java:97) ~[spring-aop-6.2.11.jar:6.2.11]
	at org.springframework.aop.framework.ReflectiveMethodInvocation.proceed(ReflectiveMethodInvocation.java:184) ~[spring-aop-6.2.11.jar:6.2.11]
	at org.springframework.aop.framework.CglibAopProxy$DynamicAdvisedInterceptor.intercept(CglibAopProxy.java:728) ~[spring-aop-6.2.11.jar:6.2.11]
	at br.com.logistica_alimentos.estoque.service.ProdutoService$$SpringCGLIB$$0.registrarSaida(<generated>) ~[main/:na]
	at br.com.logistica_alimentos.estoque.api.controller.ProdutoController.registrarSaida(ProdutoController.java:37) ~[main/:na]
	at java.base/jdk.internal.reflect.DirectMethodHandleAccessor.invoke(DirectMethodHandleAccessor.java:104) ~[na:na]
	at java.base/java.lang.reflect.Method.invoke(Method.java:565) ~[na:na]
	at org.springframework.web.method.support.InvocableHandlerMethod.doInvoke(InvocableHandlerMethod.java:258) ~[spring-web-6.2.11.jar:6.2.11]
	at org.springframework.web.method.support.InvocableHandlerMethod.invokeForRequest(InvocableHandlerMethod.java:191) ~[spring-web-6.2.11.jar:6.2.11]
	at org.springframework.web.servlet.mvc.method.annotation.ServletInvocableHandlerMethod.invokeAndHandle(ServletInvocableHandlerMethod.java:118) ~[spring-webmvc-6.2.11.jar:6.2.11]
	at org.springframework.web.servlet.mvc.method.annotation.RequestMappingHandlerAdapter.invokeHandlerMethod(RequestMappingHandlerAdapter.java:991) ~[spring-webmvc-6.2.11.jar:6.2.11]
	at org.springframework.web.servlet.mvc.method.annotation.RequestMappingHandlerAdapter.handleInternal(RequestMappingHandlerAdapter.java:896) ~[spring-webmvc-6.2.11.jar:6.2.11]
	at org.springframework.web.servlet.mvc.method.AbstractHandlerMethodAdapter.handle(AbstractHandlerMethodAdapter.java:87) ~[spring-webmvc-6.2.11.jar:6.2.11]
	at org.springframework.web.servlet.DispatcherServlet.doDispatch(DispatcherServlet.java:1089) ~[spring-webmvc-6.2.11.jar:6.2.11]
	at org.springframework.web.servlet.DispatcherServlet.doService(DispatcherServlet.java:979) ~[spring-webmvc-6.2.11.jar:6.2.11]
	at org.springframework.web.servlet.FrameworkServlet.processRequest(FrameworkServlet.java:1014) ~[spring-webmvc-6.2.11.jar:6.2.11]
	at org.springframework.web.servlet.FrameworkServlet.doPost(FrameworkServlet.java:914) ~[spring-webmvc-6.2.11.jar:6.2.11]
	at jakarta.servlet.http.HttpServlet.service(HttpServlet.java:590) ~[tomcat-embed-core-10.1.46.jar:6.0]
	at org.springframework.web.servlet.FrameworkServlet.service(FrameworkServlet.java:885) ~[spring-webmvc-6.2.11.jar:6.2.11]
	at jakarta.servlet.http.HttpServlet.service(HttpServlet.java:658) ~[tomcat-embed-core-10.1.46.jar:6.0]
	at org.apache.catalina.core.ApplicationFilterChain.internalDoFilter(ApplicationFilterChain.java:195) ~[tomcat-embed-core-10.1.46.jar:10.1.46]
	at org.apache.catalina.core.ApplicationFilterChain.doFilter(ApplicationFilterChain.java:140) ~[tomcat-embed-core-10.1.46.jar:10.1.46]
	at org.apache.tomcat.websocket.server.WsFilter.doFilter(WsFilter.java:51) ~[tomcat-embed-websocket-10.1.46.jar:10.1.46]
	at org.apache.catalina.core.ApplicationFilterChain.internalDoFilter(ApplicationFilterChain.java:164) ~[tomcat-embed-core-10.1.46.jar:10.1.46]
	at org.apache.catalina.core.ApplicationFilterChain.doFilter(ApplicationFilterChain.java:140) ~[tomcat-embed-core-10.1.46.jar:10.1.46]
	at org.springframework.web.filter.CompositeFilter$VirtualFilterChain.doFilter(CompositeFilter.java:108) ~[spring-web-6.2.11.jar:6.2.11]
	at org.springframework.web.filter.CompositeFilter$VirtualFilterChain.doFilter(CompositeFilter.java:108) ~[spring-web-6.2.11.jar:6.2.11]
	at org.springframework.security.web.FilterChainProxy.lambda$doFilterInternal$3(FilterChainProxy.java:231) ~[spring-security-web-6.5.5.jar:6.5.5]
	at org.springframework.security.web.FilterChainProxy$VirtualFilterChain.doFilter(FilterChainProxy.java:365) ~[spring-security-web-6.5.5.jar:6.5.5]
	at org.springframework.security.web.access.intercept.AuthorizationFilter.doFilter(AuthorizationFilter.java:101) ~[spring-security-web-6.5.5.jar:6.5.5]
	at org.springframework.security.web.FilterChainProxy$VirtualFilterChain.doFilter(FilterChainProxy.java:374) ~[spring-security-web-6.5.5.jar:6.5.5]
	at org.springframework.security.web.access.ExceptionTranslationFilter.doFilter(ExceptionTranslationFilter.java:125) ~[spring-security-web-6.5.5.jar:6.5.5]
	at org.springframework.security.web.access.ExceptionTranslationFilter.doFilter(ExceptionTranslationFilter.java:119) ~[spring-security-web-6.5.5.jar:6.5.5]
	at org.springframework.security.web.FilterChainProxy$VirtualFilterChain.doFilter(FilterChainProxy.java:374) ~[spring-security-web-6.5.5.jar:6.5.5]
	at org.springframework.security.web.authentication.AnonymousAuthenticationFilter.doFilter(AnonymousAuthenticationFilter.java:100) ~[spring-security-web-6.5.5.jar:6.5.5]
	at org.springframework.security.web.FilterChainProxy$VirtualFilterChain.doFilter(FilterChainProxy.java:374) ~[spring-security-web-6.5.5.jar:6.5.5]
	at org.springframework.security.web.servletapi.SecurityContextHolderAwareRequestFilter.doFilter(SecurityContextHolderAwareRequestFilter.java:179) ~[spring-security-web-6.5.5.jar:6.5.5]
	at org.springframework.security.web.FilterChainProxy$VirtualFilterChain.doFilter(FilterChainProxy.java:374) ~[spring-security-web-6.5.5.jar:6.5.5]
	at org.springframework.security.web.savedrequest.RequestCacheAwareFilter.doFilter(RequestCacheAwareFilter.java:63) ~[spring-security-web-6.5.5.jar:6.5.5]
	at org.springframework.security.web.FilterChainProxy$VirtualFilterChain.doFilter(FilterChainProxy.java:374) ~[spring-security-web-6.5.5.jar:6.5.5]
	at org.springframework.security.web.authentication.logout.LogoutFilter.doFilter(LogoutFilter.java:107) ~[spring-security-web-6.5.5.jar:6.5.5]
	at org.springframework.security.web.authentication.logout.LogoutFilter.doFilter(LogoutFilter.java:93) ~[spring-security-web-6.5.5.jar:6.5.5]
	at org.springframework.security.web.FilterChainProxy$VirtualFilterChain.doFilter(FilterChainProxy.java:374) ~[spring-security-web-6.5.5.jar:6.5.5]
	at org.springframework.security.web.header.HeaderWriterFilter.doHeadersAfter(HeaderWriterFilter.java:90) ~[spring-security-web-6.5.5.jar:6.5.5]
	at org.springframework.security.web.header.HeaderWriterFilter.doFilterInternal(HeaderWriterFilter.java:75) ~[spring-security-web-6.5.5.jar:6.5.5]
	at org.springframework.web.filter.OncePerRequestFilter.doFilter(OncePerRequestFilter.java:116) ~[spring-web-6.2.11.jar:6.2.11]
	at org.springframework.security.web.FilterChainProxy$VirtualFilterChain.doFilter(FilterChainProxy.java:374) ~[spring-security-web-6.5.5.jar:6.5.5]
	at org.springframework.security.web.context.SecurityContextHolderFilter.doFilter(SecurityContextHolderFilter.java:82) ~[spring-security-web-6.5.5.jar:6.5.5]
	at org.springframework.security.web.context.SecurityContextHolderFilter.doFilter(SecurityContextHolderFilter.java:69) ~[spring-security-web-6.5.5.jar:6.5.5]
	at org.springframework.security.web.FilterChainProxy$VirtualFilterChain.doFilter(FilterChainProxy.java:374) ~[spring-security-web-6.5.5.jar:6.5.5]
	at org.springframework.security.web.context.request.async.WebAsyncManagerIntegrationFilter.doFilterInternal(WebAsyncManagerIntegrationFilter.java:62) ~[spring-security-web-6.5.5.jar:6.5.5]
	at org.springframework.web.filter.OncePerRequestFilter.doFilter(OncePerRequestFilter.java:116) ~[spring-web-6.2.11.jar:6.2.11]
	at org.springframework.security.web.FilterChainProxy$VirtualFilterChain.doFilter(FilterChainProxy.java:374) ~[spring-security-web-6.5.5.jar:6.5.5]
	at org.springframework.security.web.session.DisableEncodeUrlFilter.doFilterInternal(DisableEncodeUrlFilter.java:42) ~[spring-security-web-6.5.5.jar:6.5.5]
	at org.springframework.web.filter.OncePerRequestFilter.doFilter(OncePerRequestFilter.java:116) ~[spring-web-6.2.11.jar:6.2.11]
	at org.springframework.security.web.FilterChainProxy$VirtualFilterChain.doFilter(FilterChainProxy.java:374) ~[spring-security-web-6.5.5.jar:6.5.5]
	at org.springframework.security.web.FilterChainProxy.doFilterInternal(FilterChainProxy.java:233) ~[spring-security-web-6.5.5.jar:6.5.5]
	at org.springframework.security.web.FilterChainProxy.doFilter(FilterChainProxy.java:191) ~[spring-security-web-6.5.5.jar:6.5.5]
	at org.springframework.web.filter.CompositeFilter$VirtualFilterChain.doFilter(CompositeFilter.java:113) ~[spring-web-6.2.11.jar:6.2.11]
	at org.springframework.web.filter.ServletRequestPathFilter.doFilter(ServletRequestPathFilter.java:52) ~[spring-web-6.2.11.jar:6.2.11]
	at org.springframework.web.filter.CompositeFilter$VirtualFilterChain.doFilter(CompositeFilter.java:113) ~[spring-web-6.2.11.jar:6.2.11]
	at org.springframework.web.filter.CompositeFilter.doFilter(CompositeFilter.java:74) ~[spring-web-6.2.11.jar:6.2.11]
	at org.springframework.security.config.annotation.web.configuration.WebSecurityConfiguration$CompositeFilterChainProxy.doFilter(WebSecurityConfiguration.java:319) ~[spring-security-config-6.5.5.jar:6.5.5]
	at org.springframework.web.filter.CompositeFilter$VirtualFilterChain.doFilter(CompositeFilter.java:113) ~[spring-web-6.2.11.jar:6.2.11]
	at org.springframework.web.servlet.handler.HandlerMappingIntrospector.lambda$createCacheFilter$4(HandlerMappingIntrospector.java:267) ~[spring-webmvc-6.2.11.jar:6.2.11]
	at org.springframework.web.filter.CompositeFilter$VirtualFilterChain.doFilter(CompositeFilter.java:113) ~[spring-web-6.2.11.jar:6.2.11]
	at org.springframework.web.filter.CompositeFilter.doFilter(CompositeFilter.java:74) ~[spring-web-6.2.11.jar:6.2.11]
	at org.springframework.security.config.annotation.web.configuration.WebMvcSecurityConfiguration$CompositeFilterChainProxy.doFilter(WebMvcSecurityConfiguration.java:240) ~[spring-security-config-6.5.5.jar:6.5.5]
	at org.springframework.web.filter.DelegatingFilterProxy.invokeDelegate(DelegatingFilterProxy.java:362) ~[spring-web-6.2.11.jar:6.2.11]
	at org.springframework.web.filter.DelegatingFilterProxy.doFilter(DelegatingFilterProxy.java:278) ~[spring-web-6.2.11.jar:6.2.11]
	at org.apache.catalina.core.ApplicationFilterChain.internalDoFilter(ApplicationFilterChain.java:164) ~[tomcat-embed-core-10.1.46.jar:10.1.46]
	at org.apache.catalina.core.ApplicationFilterChain.doFilter(ApplicationFilterChain.java:140) ~[tomcat-embed-core-10.1.46.jar:10.1.46]
	at org.springframework.web.filter.RequestContextFilter.doFilterInternal(RequestContextFilter.java:100) ~[spring-web-6.2.11.jar:6.2.11]
	at org.springframework.web.filter.OncePerRequestFilter.doFilter(OncePerRequestFilter.java:116) ~[spring-web-6.2.11.jar:6.2.11]
	at org.apache.catalina.core.ApplicationFilterChain.internalDoFilter(ApplicationFilterChain.java:164) ~[tomcat-embed-core-10.1.46.jar:10.1.46]
	at org.apache.catalina.core.ApplicationFilterChain.doFilter(ApplicationFilterChain.java:140) ~[tomcat-embed-core-10.1.46.jar:10.1.46]
	at org.springframework.web.filter.FormContentFilter.doFilterInternal(FormContentFilter.java:93) ~[spring-web-6.2.11.jar:6.2.11]
	at org.springframework.web.filter.OncePerRequestFilter.doFilter(OncePerRequestFilter.java:116) ~[spring-web-6.2.11.jar:6.2.11]
	at org.apache.catalina.core.ApplicationFilterChain.internalDoFilter(ApplicationFilterChain.java:164) ~[tomcat-embed-core-10.1.46.jar:10.1.46]
	at org.apache.catalina.core.ApplicationFilterChain.doFilter(ApplicationFilterChain.java:140) ~[tomcat-embed-core-10.1.46.jar:10.1.46]
	at org.springframework.web.filter.CharacterEncodingFilter.doFilterInternal(CharacterEncodingFilter.java:201) ~[spring-web-6.2.11.jar:6.2.11]
	at org.springframework.web.filter.OncePerRequestFilter.doFilter(OncePerRequestFilter.java:116) ~[spring-web-6.2.11.jar:6.2.11]
	at org.apache.catalina.core.ApplicationFilterChain.internalDoFilter(ApplicationFilterChain.java:164) ~[tomcat-embed-core-10.1.46.jar:10.1.46]
	at org.apache.catalina.core.ApplicationFilterChain.doFilter(ApplicationFilterChain.java:140) ~[tomcat-embed-core-10.1.46.jar:10.1.46]
	at org.apache.catalina.core.StandardWrapperValve.invoke(StandardWrapperValve.java:167) ~[tomcat-embed-core-10.1.46.jar:10.1.46]
	at org.apache.catalina.core.StandardContextValve.invoke(StandardContextValve.java:90) ~[tomcat-embed-core-10.1.46.jar:10.1.46]
	at org.apache.catalina.authenticator.AuthenticatorBase.invoke(AuthenticatorBase.java:483) ~[tomcat-embed-core-10.1.46.jar:10.1.46]
	at org.apache.catalina.core.StandardHostValve.invoke(StandardHostValve.java:116) ~[tomcat-embed-core-10.1.46.jar:10.1.46]
	at org.apache.catalina.valves.ErrorReportValve.invoke(ErrorReportValve.java:93) ~[tomcat-embed-core-10.1.46.jar:10.1.46]
	at org.apache.catalina.core.StandardEngineValve.invoke(StandardEngineValve.java:74) ~[tomcat-embed-core-10.1.46.jar:10.1.46]
	at org.apache.catalina.connector.CoyoteAdapter.service(CoyoteAdapter.java:344) ~[tomcat-embed-core-10.1.46.jar:10.1.46]
	at org.apache.coyote.http11.Http11Processor.service(Http11Processor.java:398) ~[tomcat-embed-core-10.1.46.jar:10.1.46]
	at org.apache.coyote.AbstractProcessorLight.process(AbstractProcessorLight.java:63) ~[tomcat-embed-core-10.1.46.jar:10.1.46]
	at org.apache.coyote.AbstractProtocol$ConnectionHandler.process(AbstractProtocol.java:903) ~[tomcat-embed-core-10.1.46.jar:10.1.46]
	at org.apache.tomcat.util.net.NioEndpoint$SocketProcessor.doRun(NioEndpoint.java:1776) ~[tomcat-embed-core-10.1.46.jar:10.1.46]
	at org.apache.tomcat.util.net.SocketProcessorBase.run(SocketProcessorBase.java:52) ~[tomcat-embed-core-10.1.46.jar:10.1.46]
	at org.apache.tomcat.util.threads.ThreadPoolExecutor.runWorker(ThreadPoolExecutor.java:975) ~[tomcat-embed-core-10.1.46.jar:10.1.46]
	at org.apache.tomcat.util.threads.ThreadPoolExecutor$Worker.run(ThreadPoolExecutor.java:493) ~[tomcat-embed-core-10.1.46.jar:10.1.46]
	at org.apache.tomcat.util.threads.TaskThread$WrappingRunnable.run(TaskThread.java:63) ~[tomcat-embed-core-10.1.46.jar:10.1.46]
	at java.base/java.lang.Thread.run(Thread.java:1447) ~[na:na]

2025-10-27T13:42:27.630-03:00  WARN 9068 --- [estoque] [http-nio-8081-exec-1] b.c.l.e.exception.ControllerAdvice       : Erro de requisição: Quantidade em estoque insuficiente
2025-10-27T13:42:27.640-03:00  WARN 9068 --- [estoque] [http-nio-8081-exec-1] .m.m.a.ExceptionHandlerExceptionResolver : Resolved [java.lang.IllegalArgumentException: Quantidade em estoque insuficiente]
2025-10-27T13:42:46.244-03:00  INFO 9068 --- [estoque] [http-nio-8081-exec-3] b.c.l.estoque.config.aspectos.LogAspect  : ✅ Contagem de produtos realizada com sucesso | Tempo de execução: 87 ms | Origem: SERVICO_ESTOQUE
2025-10-27T13:43:12.353-03:00  INFO 9068 --- [estoque] [http-nio-8081-exec-4] b.c.l.estoque.config.aspectos.LogAspect  : ✅ Ajuste manual realizado com sucesso | Tempo de execução: 59 ms | Origem: SERVICO_ESTOQUE
2025-10-27T13:43:56.323-03:00  INFO 9068 --- [estoque] [http-nio-8081-exec-5] b.c.l.estoque.config.aspectos.LogAspect  : ✅ Verificação de validade realizada com sucesso | Tempo de execução: 14 ms | Origem: SERVICO_ESTOQUE
2025-10-27T13:44:22.901-03:00  INFO 9068 --- [estoque] [http-nio-8081-exec-6] b.c.l.estoque.config.aspectos.LogAspect  : ✅ Entrada de produto registrada com sucesso | Tempo de execução: 32 ms | Origem: SERVICO_ESTOQUE
2025-10-27T13:44:27.911-03:00  INFO 9068 --- [estoque] [http-nio-8081-exec-7] b.c.l.estoque.config.aspectos.LogAspect  : ✅ Verificação de validade realizada com sucesso | Tempo de execução: 21 ms | Origem: SERVICO_ESTOQUE
2025-10-27T13:49:40.241-03:00  INFO 9068 --- [estoque] [http-nio-8081-exec-10] b.c.l.estoque.config.aspectos.LogAspect  : ✅ Produto cadastrado com sucesso | Tempo de execução: 26 ms | Origem: SERVICO_ESTOQUE
2025-10-27T13:51:32.792-03:00  INFO 9068 --- [estoque] [http-nio-8081-exec-3] b.c.l.estoque.config.aspectos.LogAspect  : ✅ Produto cadastrado com sucesso | Tempo de execução: 22 ms | Origem: SERVICO_ESTOQUE
2025-10-27T13:52:15.501-03:00  INFO 9068 --- [estoque] [http-nio-8081-exec-4] b.c.l.estoque.config.aspectos.LogAspect  : ✅ Entrada de produto registrada com sucesso | Tempo de execução: 38 ms | Origem: SERVICO_ESTOQUE
2025-10-27T13:52:48.553-03:00  INFO 9068 --- [estoque] [http-nio-8081-exec-5] b.c.l.estoque.config.aspectos.LogAspect  : ✅ Saida de produto registrada com sucesso | Tempo de execução: 41 ms | Origem: SERVICO_ESTOQUE
2025-10-27T13:53:26.240-03:00  INFO 9068 --- [estoque] [http-nio-8081-exec-6] b.c.l.estoque.config.aspectos.LogAspect  : ✅ Produto descartado com sucesso | Tempo de execução: 90 ms | Origem: SERVICO_ESTOQUE
2025-10-27T13:53:35.600-03:00  INFO 9068 --- [estoque] [http-nio-8081-exec-7] b.c.l.estoque.config.aspectos.LogAspect  : ✅ Contagem de produtos realizada com sucesso | Tempo de execução: 100 ms | Origem: SERVICO_ESTOQUE
2025-10-27T13:53:46.600-03:00  INFO 9068 --- [estoque] [http-nio-8081-exec-8] b.c.l.estoque.config.aspectos.LogAspect  : ✅ Verificação de validade realizada com sucesso | Tempo de execução: 17 ms | Origem: SERVICO_ESTOQUE
2025-10-27T13:54:46.822-03:00  INFO 9068 --- [estoque] [http-nio-8081-exec-1] b.c.l.estoque.config.aspectos.LogAspect  : ✅ Ajuste manual realizado com sucesso | Tempo de execução: 50 ms | Origem: SERVICO_ESTOQUE
2025-10-27T13:56:39.394-03:00  INFO 9068 --- [estoque] [http-nio-8081-exec-4] b.c.l.estoque.config.aspectos.LogAspect  : ✅ Produto descartado com sucesso | Tempo de execução: 78 ms | Origem: SERVICO_ESTOQUE
2025-10-27T13:56:55.828-03:00  INFO 9068 --- [estoque] [http-nio-8081-exec-5] b.c.l.estoque.config.aspectos.LogAspect  : ✅ Produto descartado com sucesso | Tempo de execução: 74 ms | Origem: SERVICO_ESTOQUE
